<?xml version="1.0" encoding="UTF-8"?>
<coverage generated="1667078191739" clover="3.2.0">
  <project timestamp="1667078191739" name="All files">
    <metrics statements="28" coveredstatements="28" conditionals="8" coveredconditionals="8" methods="9" coveredmethods="9" elements="45" coveredelements="45" complexity="0" loc="28" ncloc="28" packages="1" files="4" classes="4"/>
    <file name="calculator.js" path="/home/liuken/trybe-exercicios/modulo-01-fundamentos/secao-07-Introducao-à-javascript-ES6-e-Testes-Unitarios/dia-03-primeiros-passos-em-jest/calculator.js">
      <metrics statements="7" coveredstatements="7" conditionals="2" coveredconditionals="2" methods="4" coveredmethods="4"/>
      <line num="2" count="1" type="stmt"/>
      <line num="6" count="1" type="stmt"/>
      <line num="10" count="1" type="stmt"/>
      <line num="14" count="2" type="cond" truecount="2" falsecount="0"/>
      <line num="15" count="1" type="stmt"/>
      <line num="17" count="1" type="stmt"/>
      <line num="20" count="1" type="stmt"/>
    </file>
    <file name="loginValidation.js" path="/home/liuken/trybe-exercicios/modulo-01-fundamentos/secao-07-Introducao-à-javascript-ES6-e-Testes-Unitarios/dia-03-primeiros-passos-em-jest/loginValidation.js">
      <metrics statements="12" coveredstatements="12" conditionals="4" coveredconditionals="4" methods="3" coveredmethods="3"/>
      <line num="2" count="1" type="stmt"/>
      <line num="3" count="2" type="stmt"/>
      <line num="6" count="1" type="stmt"/>
      <line num="7" count="2" type="stmt"/>
      <line num="10" count="1" type="stmt"/>
      <line num="15" count="1" type="stmt"/>
      <line num="16" count="2" type="cond" truecount="4" falsecount="0"/>
      <line num="17" count="1" type="stmt"/>
      <line num="19" count="1" type="stmt"/>
      <line num="23" count="1" type="stmt"/>
      <line num="25" count="1" type="stmt"/>
      <line num="27" count="1" type="stmt"/>
    </file>
    <file name="script.js" path="/home/liuken/trybe-exercicios/modulo-01-fundamentos/secao-07-Introducao-à-javascript-ES6-e-Testes-Unitarios/dia-03-primeiros-passos-em-jest/script.js">
      <metrics statements="3" coveredstatements="3" conditionals="0" coveredconditionals="0" methods="1" coveredmethods="1"/>
      <line num="1" count="1" type="stmt"/>
      <line num="2" count="1" type="stmt"/>
      <line num="5" count="1" type="stmt"/>
    </file>
    <file name="verificaNumeros.js" path="/home/liuken/trybe-exercicios/modulo-01-fundamentos/secao-07-Introducao-à-javascript-ES6-e-Testes-Unitarios/dia-03-primeiros-passos-em-jest/verificaNumeros.js">
      <metrics statements="6" coveredstatements="6" conditionals="2" coveredconditionals="2" methods="1" coveredmethods="1"/>
      <line num="1" count="1" type="stmt"/>
      <line num="2" count="2" type="stmt"/>
      <line num="3" count="8" type="cond" truecount="2" falsecount="0"/>
      <line num="4" count="1" type="stmt"/>
      <line num="7" count="1" type="stmt"/>
      <line num="10" count="1" type="stmt"/>
    </file>
  </project>
</coverage>
