{"/home/liuken/trybe-exercicios/modulo-01-fundamentos/secao-07-Introducao-à-javascript-ES6-e-Testes-Unitarios/dia-03-primeiros-passos-em-jest/calculator.js": {"path":"/home/liuken/trybe-exercicios/modulo-01-fundamentos/secao-07-Introducao-à-javascript-ES6-e-Testes-Unitarios/dia-03-primeiros-passos-em-jest/calculator.js","statementMap":{"0":{"start":{"line":2,"column":4},"end":{"line":2,"column":17}},"1":{"start":{"line":6,"column":4},"end":{"line":6,"column":17}},"2":{"start":{"line":10,"column":4},"end":{"line":10,"column":17}},"3":{"start":{"line":14,"column":4},"end":{"line":16,"column":5}},"4":{"start":{"line":15,"column":8},"end":{"line":15,"column":44}},"5":{"start":{"line":17,"column":4},"end":{"line":17,"column":17}},"6":{"start":{"line":20,"column":0},"end":{"line":20,"column":38}}},"fnMap":{"0":{"name":"sum","decl":{"start":{"line":1,"column":9},"end":{"line":1,"column":12}},"loc":{"start":{"line":1,"column":19},"end":{"line":3,"column":1}},"line":1},"1":{"name":"sub","decl":{"start":{"line":5,"column":9},"end":{"line":5,"column":12}},"loc":{"start":{"line":5,"column":19},"end":{"line":7,"column":1}},"line":5},"2":{"name":"mul","decl":{"start":{"line":9,"column":9},"end":{"line":9,"column":12}},"loc":{"start":{"line":9,"column":19},"end":{"line":11,"column":1}},"line":9},"3":{"name":"div","decl":{"start":{"line":13,"column":9},"end":{"line":13,"column":12}},"loc":{"start":{"line":13,"column":19},"end":{"line":18,"column":1}},"line":13}},"branchMap":{"0":{"loc":{"start":{"line":14,"column":4},"end":{"line":16,"column":5}},"type":"if","locations":[{"start":{"line":14,"column":4},"end":{"line":16,"column":5}},{"start":{},"end":{}}],"line":14}},"s":{"0":1,"1":1,"2":1,"3":2,"4":1,"5":1,"6":1},"f":{"0":1,"1":1,"2":1,"3":2},"b":{"0":[1,1]},"_coverageSchema":"1a1c01bbd47fc00a2c39e90264f33305004495a9","hash":"1913e007992d8643f44a1e53b015c7483a593777"}
,"/home/liuken/trybe-exercicios/modulo-01-fundamentos/secao-07-Introducao-à-javascript-ES6-e-Testes-Unitarios/dia-03-primeiros-passos-em-jest/loginValidation.js": {"path":"/home/liuken/trybe-exercicios/modulo-01-fundamentos/secao-07-Introducao-à-javascript-ES6-e-Testes-Unitarios/dia-03-primeiros-passos-em-jest/loginValidation.js","statementMap":{"0":{"start":{"line":2,"column":24},"end":{"line":4,"column":3}},"1":{"start":{"line":3,"column":4},"end":{"line":3,"column":55}},"2":{"start":{"line":6,"column":28},"end":{"line":8,"column":3}},"3":{"start":{"line":7,"column":4},"end":{"line":7,"column":71}},"4":{"start":{"line":10,"column":15},"end":{"line":13,"column":3}},"5":{"start":{"line":15,"column":28},"end":{"line":21,"column":3}},"6":{"start":{"line":16,"column":4},"end":{"line":20,"column":5}},"7":{"start":{"line":17,"column":6},"end":{"line":17,"column":39}},"8":{"start":{"line":19,"column":6},"end":{"line":19,"column":41}},"9":{"start":{"line":23,"column":33},"end":{"line":23,"column":37}},"10":{"start":{"line":25,"column":2},"end":{"line":25,"column":39}},"11":{"start":{"line":27,"column":2},"end":{"line":27,"column":76}}},"fnMap":{"0":{"name":"(anonymous_0)","decl":{"start":{"line":2,"column":24},"end":{"line":2,"column":25}},"loc":{"start":{"line":2,"column":34},"end":{"line":4,"column":3}},"line":2},"1":{"name":"(anonymous_1)","decl":{"start":{"line":6,"column":28},"end":{"line":6,"column":29}},"loc":{"start":{"line":6,"column":38},"end":{"line":8,"column":3}},"line":6},"2":{"name":"(anonymous_2)","decl":{"start":{"line":15,"column":28},"end":{"line":15,"column":29}},"loc":{"start":{"line":15,"column":56},"end":{"line":21,"column":3}},"line":15}},"branchMap":{"0":{"loc":{"start":{"line":16,"column":4},"end":{"line":20,"column":5}},"type":"if","locations":[{"start":{"line":16,"column":4},"end":{"line":20,"column":5}},{"start":{"line":18,"column":11},"end":{"line":20,"column":5}}],"line":16},"1":{"loc":{"start":{"line":16,"column":8},"end":{"line":16,"column":51}},"type":"binary-expr","locations":[{"start":{"line":16,"column":8},"end":{"line":16,"column":27}},{"start":{"line":16,"column":31},"end":{"line":16,"column":51}}],"line":16}},"s":{"0":1,"1":2,"2":1,"3":2,"4":1,"5":1,"6":2,"7":1,"8":1,"9":1,"10":1,"11":1},"f":{"0":2,"1":2,"2":2},"b":{"0":[1,1],"1":[2,2]},"_coverageSchema":"1a1c01bbd47fc00a2c39e90264f33305004495a9","hash":"83a05a7ef19b7edd47d260caefb2b7be77971872"}
,"/home/liuken/trybe-exercicios/modulo-01-fundamentos/secao-07-Introducao-à-javascript-ES6-e-Testes-Unitarios/dia-03-primeiros-passos-em-jest/script.js": {"path":"/home/liuken/trybe-exercicios/modulo-01-fundamentos/secao-07-Introducao-à-javascript-ES6-e-Testes-Unitarios/dia-03-primeiros-passos-em-jest/script.js","statementMap":{"0":{"start":{"line":1,"column":12},"end":{"line":3,"column":1}},"1":{"start":{"line":2,"column":4},"end":{"line":2,"column":17}},"2":{"start":{"line":5,"column":0},"end":{"line":5,"column":21}}},"fnMap":{"0":{"name":"(anonymous_0)","decl":{"start":{"line":1,"column":12},"end":{"line":1,"column":13}},"loc":{"start":{"line":1,"column":22},"end":{"line":3,"column":1}},"line":1}},"branchMap":{},"s":{"0":1,"1":1,"2":1},"f":{"0":1},"b":{},"_coverageSchema":"1a1c01bbd47fc00a2c39e90264f33305004495a9","hash":"c7bf0e0bd8d73b284c0b3866edd8803999f6424c"}
,"/home/liuken/trybe-exercicios/modulo-01-fundamentos/secao-07-Introducao-à-javascript-ES6-e-Testes-Unitarios/dia-03-primeiros-passos-em-jest/verificaNumeros.js": {"path":"/home/liuken/trybe-exercicios/modulo-01-fundamentos/secao-07-Introducao-à-javascript-ES6-e-Testes-Unitarios/dia-03-primeiros-passos-em-jest/verificaNumeros.js","statementMap":{"0":{"start":{"line":1,"column":16},"end":{"line":8,"column":1}},"1":{"start":{"line":2,"column":4},"end":{"line":6,"column":5}},"2":{"start":{"line":2,"column":20},"end":{"line":2,"column":21}},"3":{"start":{"line":3,"column":8},"end":{"line":5,"column":9}},"4":{"start":{"line":4,"column":12},"end":{"line":4,"column":25}},"5":{"start":{"line":7,"column":4},"end":{"line":7,"column":16}},"6":{"start":{"line":10,"column":0},"end":{"line":10,"column":25}}},"fnMap":{"0":{"name":"(anonymous_0)","decl":{"start":{"line":1,"column":16},"end":{"line":1,"column":17}},"loc":{"start":{"line":1,"column":27},"end":{"line":8,"column":1}},"line":1}},"branchMap":{"0":{"loc":{"start":{"line":3,"column":8},"end":{"line":5,"column":9}},"type":"if","locations":[{"start":{"line":3,"column":8},"end":{"line":5,"column":9}},{"start":{},"end":{}}],"line":3}},"s":{"0":1,"1":2,"2":2,"3":8,"4":1,"5":1,"6":1},"f":{"0":2},"b":{"0":[1,7]},"_coverageSchema":"1a1c01bbd47fc00a2c39e90264f33305004495a9","hash":"ffa2c310c2a22b78b6746e9e419c2a22fc484e26"}
}
