TN:
SF:modulo-01-fundamentos/secao-07-Introducao-à-javascript-ES6-e-Testes-Unitarios/dia-03-primeiros-passos-em-jest/calculator.js
FN:1,sum
FN:5,sub
FN:9,mul
FN:13,div
FNF:4
FNH:4
FNDA:1,sum
FNDA:1,sub
FNDA:1,mul
FNDA:2,div
DA:2,1
DA:6,1
DA:10,1
DA:14,2
DA:15,1
DA:17,1
DA:20,1
LF:7
LH:7
BRDA:14,0,0,1
BRDA:14,0,1,1
BRF:2
BRH:2
end_of_record
TN:
SF:modulo-01-fundamentos/secao-07-Introducao-à-javascript-ES6-e-Testes-Unitarios/dia-03-primeiros-passos-em-jest/loginValidation.js
FN:2,(anonymous_0)
FN:6,(anonymous_1)
FN:15,(anonymous_2)
FNF:3
FNH:3
FNDA:2,(anonymous_0)
FNDA:2,(anonymous_1)
FNDA:2,(anonymous_2)
DA:2,1
DA:3,2
DA:6,1
DA:7,2
DA:10,1
DA:15,1
DA:16,2
DA:17,1
DA:19,1
DA:23,1
DA:25,1
DA:27,1
LF:12
LH:12
BRDA:16,0,0,1
BRDA:16,0,1,1
BRDA:16,1,0,2
BRDA:16,1,1,2
BRF:4
BRH:4
end_of_record
TN:
SF:modulo-01-fundamentos/secao-07-Introducao-à-javascript-ES6-e-Testes-Unitarios/dia-03-primeiros-passos-em-jest/myFizzBuzz.js
FN:1,myFizzBuzz
FNF:1
FNH:1
FNDA:5,myFizzBuzz
DA:2,5
DA:3,4
DA:4,3
DA:5,2
DA:6,1
DA:11,1
LF:6
LH:6
BRDA:2,0,0,1
BRDA:2,0,1,4
BRDA:3,1,0,1
BRDA:3,1,1,3
BRDA:3,2,0,4
BRDA:3,2,1,2
BRDA:4,3,0,1
BRDA:4,3,1,2
BRDA:5,4,0,1
BRDA:5,4,1,1
BRF:10
BRH:10
end_of_record
TN:
SF:modulo-01-fundamentos/secao-07-Introducao-à-javascript-ES6-e-Testes-Unitarios/dia-03-primeiros-passos-em-jest/myRemove.js
FN:1,myRemove
FNF:1
FNH:1
FNDA:3,myRemove
DA:2,3
DA:3,3
DA:4,13
DA:5,10
DA:8,3
DA:12,1
LF:6
LH:6
BRDA:4,0,0,10
BRDA:4,0,1,3
BRF:2
BRH:2
end_of_record
TN:
SF:modulo-01-fundamentos/secao-07-Introducao-à-javascript-ES6-e-Testes-Unitarios/dia-03-primeiros-passos-em-jest/script.js
FN:1,(anonymous_0)
FNF:1
FNH:1
FNDA:1,(anonymous_0)
DA:1,1
DA:2,1
DA:5,1
LF:3
LH:3
BRF:0
BRH:0
end_of_record
TN:
SF:modulo-01-fundamentos/secao-07-Introducao-à-javascript-ES6-e-Testes-Unitarios/dia-03-primeiros-passos-em-jest/sum.js
FN:1,sum
FNF:1
FNH:1
FNDA:3,sum
DA:2,3
DA:3,1
DA:6,2
DA:10,1
LF:4
LH:4
BRDA:2,0,0,1
BRDA:2,0,1,2
BRDA:2,1,0,3
BRDA:2,1,1,3
BRF:4
BRH:4
end_of_record
TN:
SF:modulo-01-fundamentos/secao-07-Introducao-à-javascript-ES6-e-Testes-Unitarios/dia-03-primeiros-passos-em-jest/verificaNumeros.js
FN:1,(anonymous_0)
FNF:1
FNH:1
FNDA:2,(anonymous_0)
DA:1,1
DA:2,2
DA:3,8
DA:4,1
DA:7,1
DA:10,1
LF:6
LH:6
BRDA:3,0,0,1
BRDA:3,0,1,7
BRF:2
BRH:2
end_of_record
